
{"level":"warn","message":"Ruta no encontrada /favicon.ico"}
{"level":"warn","message":"Ruta no encontrada /fotito%20va%20aca"}
{"level":"warn","message":"Ruta no encontrada /favicon.ico"}
{"level":"warn","message":"Ruta no encontrada /ruta1"}
{"level":"warn","message":"Ruta no encontrada /favicon.ico"}
{"level":"warn","message":"Ruta no encontrada /fotito%20va%20aca"}
{"level":"warn","message":"Ruta no encontrada /favicon.ico"}
{"level":"warn","message":"Ruta no encontrada /favicon.ico"}
{"level":"warn","message":"Ruta no encontrada /favicon.ico"}
{"level":"warn","message":"Ruta no encontrada /favicon.ico"}
{"level":"warn","message":"Ruta no encontrada /favicon.ico"}
{"level":"warn","message":"Ruta no encontrada /favicon.ico"}
{"level":"warn","message":"Ruta no encontrada /favicon.ico"}
{"level":"warn","message":"Ruta no encontrada /favicon.ico"}
{"level":"warn","message":"Ruta no encontrada /fotito%20va%20aca"}
{"level":"warn","message":"Ruta no encontrada /favicon.ico"}
{"level":"warn","message":"Ruta no encontrada /fotito%20va%20aca"}
{"level":"warn","message":"Ruta no encontrada /fotito%20va%20aca"}
{"level":"warn","message":"Ruta no encontrada /favicon.ico"}
{"level":"warn","message":"Ruta no encontrada /fotito%20va%20aca"}
{"level":"warn","message":"Ruta no encontrada /favicon.ico"}
{"level":"warn","message":"Ruta no encontrada /favicon.ico"}
{"level":"warn","message":"Ruta no encontrada /fotito%20va%20aca"}
{"level":"warn","message":"Ruta no encontrada /favicon.ico"}
{"level":"warn","message":"Ruta no encontrada /fotito%20va%20aca"}
{"level":"warn","message":"Ruta no encontrada /favicon.ico"}
{"level":"warn","message":"Ruta no encontrada /favicon.ico"}
{"level":"warn","message":"Ruta no encontrada /favicon.ico"}
{"level":"warn","message":"Ruta no encontrada /fotito%20va%20aca"}
{"level":"warn","message":"Ruta no encontrada /favicon.ico"}
{"level":"warn","message":"Ruta no encontrada /fotito%20va%20aca"}
{"level":"warn","message":"Ruta no encontrada /favicon.ico"}
{"level":"warn","message":"Ruta no encontrada /fotito%20va%20aca"}
{"level":"warn","message":"Ruta no encontrada /favicon.ico"}
{"level":"warn","message":"Ruta no encontrada /fotito%20va%20aca"}
{"level":"warn","message":"Ruta no encontrada /prodcut-test"}
{"level":"warn","message":"Ruta no encontrada /favicon.ico"}
{"level":"warn","message":"Ruta no encontrada /productos-test"}
{"level":"warn","message":"Ruta no encontrada /favicon.ico"}
{"level":"warn","message":"Ruta no encontrada /favicon.ico"}
{"level":"warn","message":"Ruta no encontrada /favicon.ico"}
{"level":"warn","message":"Ruta no encontrada /favicon.ico"}
{"level":"warn","message":"Ruta no encontrada /favicon.ico"}
{"level":"warn","message":"Ruta no encontrada /favicon.ico"}
{"level":"warn","message":"Ruta no encontrada /fotito%20va%20aca"}
{"level":"warn","message":"Ruta no encontrada /favicon.ico"}
{"level":"warn","message":"Ruta no encontrada /fotito%20va%20aca"}
{"level":"warn","message":"Ruta no encontrada /favicon.ico"}
{"level":"warn","message":"Ruta no encontrada /favicon.ico"}
{"level":"warn","message":"Ruta no encontrada /fotito%20va%20aca"}
{"level":"warn","message":"Ruta no encontrada /favicon.ico"}
{"level":"warn","message":"Ruta no encontrada /fotito%20va%20aca"}
{"level":"warn","message":"Ruta no encontrada /favicon.ico"}
{"level":"warn","message":"Ruta no encontrada /favicon.ico"}
{"level":"warn","message":"Ruta no encontrada /favicon.ico"}
{"level":"warn","message":"Ruta no encontrada /favicon.ico"}
{"level":"warn","message":"Ruta no encontrada /favicon.ico"}
{"level":"warn","message":"Ruta no encontrada /favicon.ico"}
{"level":"warn","message":"Ruta no encontrada /favicon.ico"}
{"level":"warn","message":"Ruta no encontrada /favicon.ico"}
{"level":"warn","message":"Ruta no encontrada /favicon.ico"}
{"level":"warn","message":"Ruta no encontrada /favicon.ico"}
{"level":"warn","message":"Ruta no encontrada /favicon.ico"}
{"level":"warn","message":"Ruta no encontrada /favicon.ico"}
{"level":"warn","message":"Ruta no encontrada /fotito%20va%20aca"}
{"level":"warn","message":"Ruta no encontrada /favicon.ico"}
{"level":"warn","message":"Ruta no encontrada /favicon.ico"}
{"level":"warn","message":"Ruta no encontrada /favicon.ico"}
{"level":"warn","message":"Ruta no encontrada /favicon.ico"}
{"level":"warn","message":"Ruta no encontrada /favicon.ico"}
{"level":"warn","message":"Ruta no encontrada /favicon.ico"}
{"level":"warn","message":"Ruta no encontrada /favicon.ico"}
{"level":"warn","message":"Ruta no encontrada /favicon.ico"}
{"level":"warn","message":"Ruta no encontrada /favicon.ico"}
{"level":"warn","message":"Ruta no encontrada /fotito%20va%20aca"}
{"level":"error","message":"Los productos son mayores"}
{"level":"warn","message":"Ruta no encontrada /favicon.ico"}
{"level":"error","message":"Los productos son mayores"}
{"level":"warn","message":"Ruta no encontrada /favicon.ico"}
{"level":"warn","message":"Ruta no encontrada /fotito%20va%20aca"}
{"level":"warn","message":"Ruta no encontrada /favicon.ico"}
{"level":"error","message":"Los productos son mayores"}
{"level":"warn","message":"Ruta no encontrada /favicon.ico"}
{"level":"warn","message":"Ruta no encontrada /fotito%20va%20aca"}
{"level":"warn","message":"Ruta no encontrada /favicon.ico"}
{"level":"warn","message":"Ruta no encontrada /fotito%20va%20aca"}
{"level":"warn","message":"Ruta no encontrada /favicon.ico"}
{"level":"warn","message":"Ruta no encontrada /fotito%20va%20aca"}
{"level":"warn","message":"Ruta no encontrada /favicon.ico"}
{"level":"warn","message":"Ruta no encontrada /favicon.ico"}
{"level":"warn","message":"Ruta no encontrada /favicon.ico"}
{"level":"warn","message":"Ruta no encontrada /fotito%20va%20aca"}
{"level":"warn","message":"Ruta no encontrada /favicon.ico"}
{"level":"warn","message":"Ruta no encontrada /fotito%20va%20aca"}
{"level":"warn","message":"Ruta no encontrada /favicon.ico"}
{"level":"error","message":"Los productos son mayores"}
{"level":"warn","message":"Ruta no encontrada /fotito%20va%20aca"}
{"level":"error","message":"Los productos son mayores"}
{"level":"warn","message":"Ruta no encontrada /favicon.ico"}
{"level":"warn","message":"Ruta no encontrada /favicon.ico"}
{"level":"error","message":"Los productos son mayores"}
{"level":"warn","message":"Ruta no encontrada /fotito%20va%20aca"}
{"level":"warn","message":"Ruta no encontrada /favicon.ico"}
{"level":"error","message":"Los productos son mayores"}
{"level":"warn","message":"Ruta no encontrada /fotito%20va%20aca"}
{"level":"warn","message":"Ruta no encontrada /favicon.ico"}
{"level":"warn","message":"Ruta no encontrada /fotito%20va%20aca"}
{"level":"warn","message":"Ruta no encontrada /favicon.ico"}
{"level":"warn","message":"Ruta no encontrada /fotito%20va%20aca"}
{"level":"warn","message":"Ruta no encontrada /favicon.ico"}
{"level":"warn","message":"Ruta no encontrada /fotito%20va%20aca"}
{"level":"warn","message":"Ruta no encontrada /favicon.ico"}
{"level":"warn","message":"Ruta no encontrada /fotito%20va%20aca"}
{"level":"warn","message":"Ruta no encontrada /favicon.ico"}
{"level":"warn","message":"Ruta no encontrada /favicon.ico"}
{"level":"error","message":"probando el error"}
{"level":"warn","message":"Ruta no encontrada /favicon.ico"}
{"level":"warn","message":"Ruta no encontrada /fotito%20va%20aca"}
{"level":"warn","message":"Ruta no encontrada /favicon.ico"}
{"level":"error","message":"probando el errores"}
{"level":"warn","message":"Ruta no encontrada /favicon.ico"}
{"level":"error","message":"probando el errores"}
{"level":"warn","message":"Ruta no encontrada /fotito%20va%20aca"}
{"level":"warn","message":"Ruta no encontrada /favicon.ico"}
{"level":"warn","message":"Ruta no encontrada /fotito%20va%20aca"}
{"level":"warn","message":"Ruta no encontrada /fotito%20va%20aca"}
{"level":"warn","message":"Ruta no encontrada /favicon.ico"}
{"level":"warn","message":"Ruta no encontrada /fotito%20va%20aca"}
{"level":"warn","message":"Ruta no encontrada /favicon.ico"}
{"level":"error","message":"probando el errores"}
{"level":"warn","message":"Ruta no encontrada /fotito%20va%20aca"}
{"level":"warn","message":"Ruta no encontrada /favicon.ico"}
{"level":"warn","message":"Ruta no encontrada /fotito%20va%20aca"}
{"level":"warn","message":"Ruta no encontrada /fotito%20va%20aca"}
{"level":"warn","message":"Ruta no encontrada /favicon.ico"}
{"level":"warn","message":"Ruta no encontrada /fotito%20va%20aca"}
{"level":"warn","message":"Ruta no encontrada /favicon.ico"}
{"level":"warn","message":"Ruta no encontrada /fotito%20va%20aca"}
{"level":"warn","message":"Ruta no encontrada /favicon.ico"}
{"level":"warn","message":"Ruta no encontrada /fotito%20va%20aca"}
{"level":"warn","message":"Ruta no encontrada /favicon.ico"}
{"level":"warn","message":"Ruta no encontrada /fotito%20va%20aca"}
{"level":"warn","message":"Ruta no encontrada /favicon.ico"}
{"level":"warn","message":"Ruta no encontrada /fotito%20va%20aca"}
{"level":"warn","message":"Ruta no encontrada /favicon.ico"}
{"level":"warn","message":"Ruta no encontrada /fotito%20va%20aca"}
{"level":"error","message":"probando el errores"}
{"level":"warn","message":"Ruta no encontrada /favicon.ico"}
{"level":"error","message":"probando el errores"}
{"level":"warn","message":"Ruta no encontrada /fotito%20va%20aca"}
{"level":"error","message":"probando el errores"}
{"level":"warn","message":"Ruta no encontrada /fotito%20va%20aca"}
{"level":"warn","message":"Ruta no encontrada /favicon.ico"}
{"level":"error","message":"esta mostrando 7, el maximo es 5"}
{"level":"warn","message":"Ruta no encontrada /fotito%20va%20aca"}
{"level":"warn","message":"Ruta no encontrada /favicon.ico"}
{"level":"warn","message":"Ruta no encontrada /fotito%20va%20aca"}
{"level":"warn","message":"Ruta no encontrada /favicon.ico"}
{"level":"error","message":"esta mostrando 14 productos, el maximo es 5"}
{"level":"warn","message":"Ruta no encontrada /fotito%20va%20aca"}
{"level":"warn","message":"Ruta no encontrada /favicon.ico"}
{"level":"error","message":"esta mostrando 14 productos, el maximo es 5"}
{"level":"warn","message":"Ruta no encontrada /fotito%20va%20aca"}
{"level":"warn","message":"Ruta no encontrada /favicon.ico"}
{"level":"error","message":"esta mostrando 14 productos, el maximo es 5"}
{"level":"warn","message":"Ruta no encontrada /fotito%20va%20aca"}
{"level":"warn","message":"Ruta no encontrada /favicon.ico"}
{"level":"error","message":"esta mostrando 14 productos, el maximo es 5"}
{"level":"warn","message":"Ruta no encontrada /fotito%20va%20aca"}
{"level":"warn","message":"Ruta no encontrada /favicon.ico"}
{"level":"error","message":"No esta permitido mostrar 8 productos, el maximo es 5"}
{"level":"warn","message":"Ruta no encontrada /fotito%20va%20aca"}
{"level":"warn","message":"Ruta no encontrada /favicon.ico"}
